<?xml version="1.0" encoding="UTF-8"?>
<!-- Generated by org.testng.reporters.JUnitXMLReporter -->
<testsuite ignored="4" hostname="MSI" failures="0" tests="3" name="TestRunner-Chrome" time="58.031" errors="0" timestamp="2025-03-25T23:39:19 IST">
  <testcase classname="DoctorModule.AddPatientAndSearchPatientTest" name="AddPatientAndSearchPatient" time="16.497"/>
  <testcase classname="DoctorModule.UpadatePatientDetailsTest" name="UpadatePatientDetails" time="13.571"/>
  <testcase classname="AdminModule.AddDoctorNametest" name="AddDoctorName" time="17.38"/>
  <testcase classname="com.hms.generic.baseutility.BaseClass" name="@AfterSuite configAS" time="0.0">
    <ignored/>
  </testcase> <!-- @AfterSuite configAS -->
  <testcase classname="com.hms.generic.baseutility.BaseClass" name="@BeforeSuite configBS" time="0.0">
    <ignored/>
  </testcase> <!-- @BeforeSuite configBS -->
  <testcase classname="com.hms.generic.baseutility.BaseClass" name="@BeforeSuite configBS" time="0.0">
    <ignored/>
  </testcase> <!-- @BeforeSuite configBS -->
  <testcase classname="com.hms.generic.baseutility.BaseClass" name="@AfterSuite configAS" time="0.0">
    <ignored/>
  </testcase> <!-- @AfterSuite configAS -->
</testsuite> <!-- TestRunner-Chrome -->
