<?xml version="1.0" encoding="UTF-8"?>
<!-- Generated by org.testng.reporters.JUnitXMLReporter -->
<testsuite ignored="4" hostname="MSI" failures="0" tests="3" name="TestRunner-Firefox" time="61.472" errors="0" timestamp="2025-03-25T23:38:21 IST">
  <testcase classname="DoctorModule.AddPatientAndSearchPatientTest" name="AddPatientAndSearchPatient" time="16.867"/>
  <testcase classname="DoctorModule.UpadatePatientDetailsTest" name="UpadatePatientDetails" time="13.665"/>
  <testcase classname="AdminModule.AddDoctorNametest" name="AddDoctorName" time="16.507"/>
  <testcase classname="com.hms.generic.baseutility.BaseClass" name="@BeforeSuite configBS" time="0.0">
    <ignored/>
  </testcase> <!-- @BeforeSuite configBS -->
  <testcase classname="com.hms.generic.baseutility.BaseClass" name="@AfterSuite configAS" time="0.0">
    <ignored/>
  </testcase> <!-- @AfterSuite configAS -->
  <testcase classname="com.hms.generic.baseutility.BaseClass" name="@BeforeSuite configBS" time="0.0">
    <ignored/>
  </testcase> <!-- @BeforeSuite configBS -->
  <testcase classname="com.hms.generic.baseutility.BaseClass" name="@AfterSuite configAS" time="0.0">
    <ignored/>
  </testcase> <!-- @AfterSuite configAS -->
</testsuite> <!-- TestRunner-Firefox -->
