<?xml version="1.0" encoding="UTF-8"?>
<!-- Generated by org.testng.reporters.JUnitXMLReporter -->
<testsuite ignored="0" hostname="MSI" failures="0" tests="3" name="Default test" time="40.332" errors="0" timestamp="2025-03-26T09:50:18 IST">
  <testcase classname="DoctorModule.AddPatientAndSearchPatientTest" name="AddPatient" time="11.271"/>
  <testcase classname="DoctorModule.AddPatientAndSearchPatientTest" name="AddPatientAndSearchPatient" time="10.772"/>
  <testcase classname="DoctorModule.AddPatientAndSearchPatientTest" name="UpadatePatientDetails" time="16.272"/>
</testsuite> <!-- Default test -->
